{"C:\\Users\\Eshan Kumar\\Desktop\\EcommerceApp\\EcommerceApp\\App.js": {"path":"C:\\Users\\Eshan Kumar\\Desktop\\EcommerceApp\\EcommerceApp\\App.js","statementMap":{"0":{"start":{"line":14,"column":12},"end":{"line":14,"column":38}},"1":{"start":{"line":15,"column":18},"end":{"line":15,"column":46}},"2":{"start":{"line":16,"column":18},"end":{"line":16,"column":46}},"3":{"start":{"line":17,"column":21},"end":{"line":17,"column":49}},"4":{"start":{"line":21,"column":2},"end":{"line":34,"column":4}},"5":{"start":{"line":39,"column":2},"end":{"line":47,"column":4}},"6":{"start":{"line":52,"column":2},"end":{"line":56,"column":4}},"7":{"start":{"line":60,"column":2},"end":{"line":68,"column":4}},"8":{"start":{"line":73,"column":24},"end":{"line":73,"column":31}},"9":{"start":{"line":74,"column":2},"end":{"line":83,"column":4}},"10":{"start":{"line":88,"column":28},"end":{"line":88,"column":37}},"11":{"start":{"line":89,"column":25},"end":{"line":89,"column":40}},"12":{"start":{"line":91,"column":2},"end":{"line":130,"column":4}},"13":{"start":{"line":103,"column":12},"end":{"line":103,"column":60}},"14":{"start":{"line":112,"column":12},"end":{"line":116,"column":14}},"15":{"start":{"line":125,"column":12},"end":{"line":125,"column":66}},"16":{"start":{"line":133,"column":12},"end":{"line":141,"column":1}},"17":{"start":{"line":134,"column":2},"end":{"line":140,"column":4}},"18":{"start":{"line":145,"column":15},"end":{"line":167,"column":2}}},"fnMap":{"0":{"name":"HomeStackScreen","decl":{"start":{"line":20,"column":9},"end":{"line":20,"column":24}},"loc":{"start":{"line":20,"column":27},"end":{"line":35,"column":1}},"line":20},"1":{"name":"CartStackScreen","decl":{"start":{"line":38,"column":9},"end":{"line":38,"column":24}},"loc":{"start":{"line":38,"column":27},"end":{"line":48,"column":1}},"line":38},"2":{"name":"Account","decl":{"start":{"line":51,"column":9},"end":{"line":51,"column":16}},"loc":{"start":{"line":51,"column":19},"end":{"line":57,"column":1}},"line":51},"3":{"name":"AccountStackScreen","decl":{"start":{"line":59,"column":9},"end":{"line":59,"column":27}},"loc":{"start":{"line":59,"column":30},"end":{"line":69,"column":1}},"line":59},"4":{"name":"TabIcon","decl":{"start":{"line":72,"column":9},"end":{"line":72,"column":16}},"loc":{"start":{"line":72,"column":48},"end":{"line":84,"column":1}},"line":72},"5":{"name":"TabNavigator","decl":{"start":{"line":87,"column":9},"end":{"line":87,"column":21}},"loc":{"start":{"line":87,"column":24},"end":{"line":131,"column":1}},"line":87},"6":{"name":"(anonymous_6)","decl":{"start":{"line":102,"column":22},"end":{"line":102,"column":23}},"loc":{"start":{"line":103,"column":12},"end":{"line":103,"column":60}},"line":103},"7":{"name":"(anonymous_7)","decl":{"start":{"line":111,"column":22},"end":{"line":111,"column":23}},"loc":{"start":{"line":112,"column":12},"end":{"line":116,"column":14}},"line":112},"8":{"name":"(anonymous_8)","decl":{"start":{"line":124,"column":22},"end":{"line":124,"column":23}},"loc":{"start":{"line":125,"column":12},"end":{"line":125,"column":66}},"line":125},"9":{"name":"(anonymous_9)","decl":{"start":{"line":133,"column":12},"end":{"line":133,"column":13}},"loc":{"start":{"line":133,"column":18},"end":{"line":141,"column":1}},"line":133}},"branchMap":{"0":{"loc":{"start":{"line":77,"column":7},"end":{"line":81,"column":7}},"type":"binary-expr","locations":[{"start":{"line":77,"column":7},"end":{"line":77,"column":21}},{"start":{"line":78,"column":8},"end":{"line":80,"column":15}}],"line":77}},"s":{"0":0,"1":0,"2":0,"3":0,"4":0,"5":0,"6":0,"7":0,"8":0,"9":0,"10":0,"11":0,"12":0,"13":0,"14":0,"15":0,"16":0,"17":0,"18":0},"f":{"0":0,"1":0,"2":0,"3":0,"4":0,"5":0,"6":0,"7":0,"8":0,"9":0},"b":{"0":[0,0]}}
,"C:\\Users\\Eshan Kumar\\Desktop\\EcommerceApp\\EcommerceApp\\CartContext.js": {"path":"C:\\Users\\Eshan Kumar\\Desktop\\EcommerceApp\\EcommerceApp\\CartContext.js","statementMap":{"0":{"start":{"line":4,"column":20},"end":{"line":4,"column":35}},"1":{"start":{"line":7,"column":23},"end":{"line":7,"column":52}},"2":{"start":{"line":7,"column":29},"end":{"line":7,"column":52}},"3":{"start":{"line":10,"column":28},"end":{"line":46,"column":1}},"4":{"start":{"line":11,"column":36},"end":{"line":11,"column":48}},"5":{"start":{"line":14,"column":20},"end":{"line":29,"column":3}},"6":{"start":{"line":15,"column":4},"end":{"line":28,"column":7}},"7":{"start":{"line":17,"column":32},"end":{"line":17,"column":91}},"8":{"start":{"line":17,"column":60},"end":{"line":17,"column":90}},"9":{"start":{"line":19,"column":6},"end":{"line":27,"column":7}},"10":{"start":{"line":21,"column":29},"end":{"line":21,"column":43}},"11":{"start":{"line":22,"column":8},"end":{"line":22,"column":61}},"12":{"start":{"line":23,"column":8},"end":{"line":23,"column":28}},"13":{"start":{"line":26,"column":8},"end":{"line":26,"column":53}},"14":{"start":{"line":32,"column":25},"end":{"line":34,"column":3}},"15":{"start":{"line":33,"column":4},"end":{"line":33,"column":87}},"16":{"start":{"line":33,"column":30},"end":{"line":33,"column":85}},"17":{"start":{"line":33,"column":55},"end":{"line":33,"column":84}},"18":{"start":{"line":37,"column":24},"end":{"line":39,"column":3}},"19":{"start":{"line":38,"column":4},"end":{"line":38,"column":71}},"20":{"start":{"line":38,"column":45},"end":{"line":38,"column":66}},"21":{"start":{"line":41,"column":2},"end":{"line":45,"column":4}}},"fnMap":{"0":{"name":"(anonymous_0)","decl":{"start":{"line":7,"column":23},"end":{"line":7,"column":24}},"loc":{"start":{"line":7,"column":29},"end":{"line":7,"column":52}},"line":7},"1":{"name":"(anonymous_1)","decl":{"start":{"line":10,"column":28},"end":{"line":10,"column":29}},"loc":{"start":{"line":10,"column":46},"end":{"line":46,"column":1}},"line":10},"2":{"name":"(anonymous_2)","decl":{"start":{"line":14,"column":20},"end":{"line":14,"column":21}},"loc":{"start":{"line":14,"column":43},"end":{"line":29,"column":3}},"line":14},"3":{"name":"(anonymous_3)","decl":{"start":{"line":15,"column":17},"end":{"line":15,"column":18}},"loc":{"start":{"line":15,"column":30},"end":{"line":28,"column":5}},"line":15},"4":{"name":"(anonymous_4)","decl":{"start":{"line":17,"column":52},"end":{"line":17,"column":53}},"loc":{"start":{"line":17,"column":60},"end":{"line":17,"column":90}},"line":17},"5":{"name":"(anonymous_5)","decl":{"start":{"line":32,"column":25},"end":{"line":32,"column":26}},"loc":{"start":{"line":32,"column":40},"end":{"line":34,"column":3}},"line":32},"6":{"name":"(anonymous_6)","decl":{"start":{"line":33,"column":17},"end":{"line":33,"column":18}},"loc":{"start":{"line":33,"column":30},"end":{"line":33,"column":85}},"line":33},"7":{"name":"(anonymous_7)","decl":{"start":{"line":33,"column":47},"end":{"line":33,"column":48}},"loc":{"start":{"line":33,"column":55},"end":{"line":33,"column":84}},"line":33},"8":{"name":"(anonymous_8)","decl":{"start":{"line":37,"column":24},"end":{"line":37,"column":25}},"loc":{"start":{"line":37,"column":30},"end":{"line":39,"column":3}},"line":37},"9":{"name":"(anonymous_9)","decl":{"start":{"line":38,"column":28},"end":{"line":38,"column":29}},"loc":{"start":{"line":38,"column":45},"end":{"line":38,"column":66}},"line":38}},"branchMap":{"0":{"loc":{"start":{"line":19,"column":6},"end":{"line":27,"column":7}},"type":"if","locations":[{"start":{"line":19,"column":6},"end":{"line":27,"column":7}},{"start":{"line":24,"column":13},"end":{"line":27,"column":7}}],"line":19}},"s":{"0":0,"1":0,"2":0,"3":0,"4":0,"5":0,"6":0,"7":0,"8":0,"9":0,"10":0,"11":0,"12":0,"13":0,"14":0,"15":0,"16":0,"17":0,"18":0,"19":0,"20":0,"21":0},"f":{"0":0,"1":0,"2":0,"3":0,"4":0,"5":0,"6":0,"7":0,"8":0,"9":0},"b":{"0":[0,0]}}
,"C:\\Users\\Eshan Kumar\\Desktop\\EcommerceApp\\EcommerceApp\\index.js": {"path":"C:\\Users\\Eshan Kumar\\Desktop\\EcommerceApp\\EcommerceApp\\index.js","statementMap":{"0":{"start":{"line":8,"column":0},"end":{"line":8,"column":27}}},"fnMap":{},"branchMap":{},"s":{"0":0},"f":{},"b":{}}
,"C:\\Users\\Eshan Kumar\\Desktop\\EcommerceApp\\EcommerceApp\\jest.config.js": {"path":"C:\\Users\\Eshan Kumar\\Desktop\\EcommerceApp\\EcommerceApp\\jest.config.js","statementMap":{"0":{"start":{"line":10,"column":0},"end":{"line":26,"column":2}}},"fnMap":{},"branchMap":{},"s":{"0":0},"f":{},"b":{}}
,"C:\\Users\\Eshan Kumar\\Desktop\\EcommerceApp\\EcommerceApp\\_tests_\\testUtils.js": {"path":"C:\\Users\\Eshan Kumar\\Desktop\\EcommerceApp\\EcommerceApp\\_tests_\\testUtils.js","statementMap":{"0":{"start":{"line":9,"column":2},"end":{"line":15,"column":4}}},"fnMap":{"0":{"name":"renderWithProviders","decl":{"start":{"line":8,"column":16},"end":{"line":8,"column":35}},"loc":{"start":{"line":8,"column":47},"end":{"line":16,"column":1}},"line":8}},"branchMap":{},"s":{"0":0},"f":{"0":0},"b":{}}
,"C:\\Users\\Eshan Kumar\\Desktop\\EcommerceApp\\EcommerceApp\\components\\Category.jsx": {"path":"C:\\Users\\Eshan Kumar\\Desktop\\EcommerceApp\\EcommerceApp\\components\\Category.jsx","statementMap":{"0":{"start":{"line":4,"column":17},"end":{"line":20,"column":1}},"1":{"start":{"line":5,"column":2},"end":{"line":19,"column":4}},"2":{"start":{"line":6,"column":37},"end":{"line":6,"column":62}},"3":{"start":{"line":24,"column":15},"end":{"line":36,"column":2}}},"fnMap":{"0":{"name":"(anonymous_0)","decl":{"start":{"line":4,"column":17},"end":{"line":4,"column":18}},"loc":{"start":{"line":4,"column":70},"end":{"line":20,"column":1}},"line":4},"1":{"name":"(anonymous_1)","decl":{"start":{"line":6,"column":31},"end":{"line":6,"column":32}},"loc":{"start":{"line":6,"column":37},"end":{"line":6,"column":62}},"line":6}},"branchMap":{"0":{"loc":{"start":{"line":10,"column":10},"end":{"line":13,"column":11}},"type":"binary-expr","locations":[{"start":{"line":10,"column":10},"end":{"line":10,"column":35}},{"start":{"line":10,"column":39},"end":{"line":13,"column":11}}],"line":10}},"s":{"0":0,"1":0,"2":0,"3":0},"f":{"0":0,"1":0},"b":{"0":[0,0]}}
,"C:\\Users\\Eshan Kumar\\Desktop\\EcommerceApp\\EcommerceApp\\components\\Header.jsx": {"path":"C:\\Users\\Eshan Kumar\\Desktop\\EcommerceApp\\EcommerceApp\\components\\Header.jsx","statementMap":{"0":{"start":{"line":4,"column":15},"end":{"line":13,"column":1}},"1":{"start":{"line":5,"column":2},"end":{"line":12,"column":4}},"2":{"start":{"line":17,"column":15},"end":{"line":43,"column":2}},"3":{"start":{"line":49,"column":0},"end":{"line":54,"column":7}}},"fnMap":{"0":{"name":"(anonymous_0)","decl":{"start":{"line":4,"column":15},"end":{"line":4,"column":16}},"loc":{"start":{"line":4,"column":21},"end":{"line":13,"column":1}},"line":4}},"branchMap":{},"s":{"0":0,"1":0,"2":0,"3":0},"f":{"0":0},"b":{}}
,"C:\\Users\\Eshan Kumar\\Desktop\\EcommerceApp\\EcommerceApp\\components\\Product.jsx": {"path":"C:\\Users\\Eshan Kumar\\Desktop\\EcommerceApp\\EcommerceApp\\components\\Product.jsx","statementMap":{"0":{"start":{"line":11,"column":16},"end":{"line":26,"column":1}},"1":{"start":{"line":12,"column":22},"end":{"line":12,"column":52}},"2":{"start":{"line":13,"column":20},"end":{"line":13,"column":42}},"3":{"start":{"line":15,"column":2},"end":{"line":25,"column":4}},"4":{"start":{"line":30,"column":15},"end":{"line":54,"column":2}},"5":{"start":{"line":58,"column":0},"end":{"line":61,"column":19}}},"fnMap":{"0":{"name":"(anonymous_0)","decl":{"start":{"line":11,"column":16},"end":{"line":11,"column":17}},"loc":{"start":{"line":11,"column":54},"end":{"line":26,"column":1}},"line":11}},"branchMap":{},"s":{"0":0,"1":0,"2":0,"3":0,"4":0,"5":0},"f":{"0":0},"b":{}}
,"C:\\Users\\Eshan Kumar\\Desktop\\EcommerceApp\\EcommerceApp\\screens\\CartScreen.js": {"path":"C:\\Users\\Eshan Kumar\\Desktop\\EcommerceApp\\EcommerceApp\\screens\\CartScreen.js","statementMap":{"0":{"start":{"line":13,"column":19},"end":{"line":78,"column":1}},"1":{"start":{"line":14,"column":40},"end":{"line":14,"column":49}},"2":{"start":{"line":16,"column":21},"end":{"line":37,"column":3}},"3":{"start":{"line":17,"column":4},"end":{"line":36,"column":6}},"4":{"start":{"line":31,"column":25},"end":{"line":31,"column":56}},"5":{"start":{"line":39,"column":26},"end":{"line":45,"column":3}},"6":{"start":{"line":40,"column":4},"end":{"line":44,"column":6}},"7":{"start":{"line":48,"column":24},"end":{"line":56,"column":3}},"8":{"start":{"line":49,"column":4},"end":{"line":55,"column":18}},"9":{"start":{"line":52,"column":27},"end":{"line":52,"column":83}},"10":{"start":{"line":53,"column":8},"end":{"line":53,"column":50}},"11":{"start":{"line":58,"column":2},"end":{"line":77,"column":4}},"12":{"start":{"line":65,"column":32},"end":{"line":65,"column":58}},"13":{"start":{"line":82,"column":15},"end":{"line":164,"column":2}},"14":{"start":{"line":169,"column":0},"end":{"line":179,"column":7}},"15":{"start":{"line":171,"column":4},"end":{"line":177,"column":11}},"16":{"start":{"line":174,"column":62},"end":{"line":174,"column":81}}},"fnMap":{"0":{"name":"(anonymous_0)","decl":{"start":{"line":13,"column":19},"end":{"line":13,"column":20}},"loc":{"start":{"line":13,"column":25},"end":{"line":78,"column":1}},"line":13},"1":{"name":"(anonymous_1)","decl":{"start":{"line":16,"column":21},"end":{"line":16,"column":22}},"loc":{"start":{"line":16,"column":35},"end":{"line":37,"column":3}},"line":16},"2":{"name":"(anonymous_2)","decl":{"start":{"line":31,"column":19},"end":{"line":31,"column":20}},"loc":{"start":{"line":31,"column":25},"end":{"line":31,"column":56}},"line":31},"3":{"name":"(anonymous_3)","decl":{"start":{"line":39,"column":26},"end":{"line":39,"column":27}},"loc":{"start":{"line":39,"column":32},"end":{"line":45,"column":3}},"line":39},"4":{"name":"(anonymous_4)","decl":{"start":{"line":48,"column":24},"end":{"line":48,"column":25}},"loc":{"start":{"line":48,"column":30},"end":{"line":56,"column":3}},"line":48},"5":{"name":"(anonymous_5)","decl":{"start":{"line":50,"column":14},"end":{"line":50,"column":15}},"loc":{"start":{"line":50,"column":31},"end":{"line":54,"column":7}},"line":50},"6":{"name":"(anonymous_6)","decl":{"start":{"line":65,"column":22},"end":{"line":65,"column":23}},"loc":{"start":{"line":65,"column":32},"end":{"line":65,"column":58}},"line":65},"7":{"name":"(anonymous_7)","decl":{"start":{"line":170,"column":17},"end":{"line":170,"column":18}},"loc":{"start":{"line":171,"column":4},"end":{"line":177,"column":11}},"line":171},"8":{"name":"(anonymous_8)","decl":{"start":{"line":174,"column":56},"end":{"line":174,"column":57}},"loc":{"start":{"line":174,"column":62},"end":{"line":174,"column":81}},"line":174}},"branchMap":{"0":{"loc":{"start":{"line":70,"column":7},"end":{"line":75,"column":7}},"type":"binary-expr","locations":[{"start":{"line":70,"column":7},"end":{"line":70,"column":27}},{"start":{"line":71,"column":8},"end":{"line":74,"column":15}}],"line":70}},"s":{"0":0,"1":0,"2":0,"3":0,"4":0,"5":0,"6":0,"7":0,"8":0,"9":0,"10":0,"11":0,"12":0,"13":0,"14":0,"15":0,"16":0},"f":{"0":0,"1":0,"2":0,"3":0,"4":0,"5":0,"6":0,"7":0,"8":0},"b":{"0":[0,0]}}
,"C:\\Users\\Eshan Kumar\\Desktop\\EcommerceApp\\EcommerceApp\\screens\\HomeScreen.js": {"path":"C:\\Users\\Eshan Kumar\\Desktop\\EcommerceApp\\EcommerceApp\\screens\\HomeScreen.js","statementMap":{"0":{"start":{"line":21,"column":19},"end":{"line":21,"column":56}},"1":{"start":{"line":23,"column":20},"end":{"line":60,"column":1}},"2":{"start":{"line":62,"column":19},"end":{"line":147,"column":1}},"3":{"start":{"line":63,"column":50},"end":{"line":63,"column":73}},"4":{"start":{"line":64,"column":40},"end":{"line":64,"column":52}},"5":{"start":{"line":65,"column":21},"end":{"line":65,"column":36}},"6":{"start":{"line":66,"column":28},"end":{"line":66,"column":37}},"7":{"start":{"line":67,"column":25},"end":{"line":67,"column":40}},"8":{"start":{"line":70,"column":27},"end":{"line":72,"column":3}},"9":{"start":{"line":71,"column":4},"end":{"line":71,"column":67}},"10":{"start":{"line":74,"column":2},"end":{"line":146,"column":4}},"11":{"start":{"line":80,"column":41},"end":{"line":80,"column":73}},"12":{"start":{"line":115,"column":12},"end":{"line":119,"column":14}},"13":{"start":{"line":121,"column":34},"end":{"line":121,"column":38}},"14":{"start":{"line":135,"column":12},"end":{"line":141,"column":14}},"15":{"start":{"line":140,"column":29},"end":{"line":140,"column":78}},"16":{"start":{"line":151,"column":15},"end":{"line":212,"column":2}}},"fnMap":{"0":{"name":"(anonymous_0)","decl":{"start":{"line":62,"column":19},"end":{"line":62,"column":20}},"loc":{"start":{"line":62,"column":25},"end":{"line":147,"column":1}},"line":62},"1":{"name":"(anonymous_1)","decl":{"start":{"line":70,"column":46},"end":{"line":70,"column":47}},"loc":{"start":{"line":71,"column":4},"end":{"line":71,"column":67}},"line":71},"2":{"name":"(anonymous_2)","decl":{"start":{"line":80,"column":35},"end":{"line":80,"column":36}},"loc":{"start":{"line":80,"column":41},"end":{"line":80,"column":73}},"line":80},"3":{"name":"(anonymous_3)","decl":{"start":{"line":114,"column":22},"end":{"line":114,"column":23}},"loc":{"start":{"line":115,"column":12},"end":{"line":119,"column":14}},"line":115},"4":{"name":"(anonymous_4)","decl":{"start":{"line":121,"column":24},"end":{"line":121,"column":25}},"loc":{"start":{"line":121,"column":34},"end":{"line":121,"column":38}},"line":121},"5":{"name":"(anonymous_5)","decl":{"start":{"line":134,"column":32},"end":{"line":134,"column":33}},"loc":{"start":{"line":135,"column":12},"end":{"line":141,"column":14}},"line":135},"6":{"name":"(anonymous_6)","decl":{"start":{"line":140,"column":23},"end":{"line":140,"column":24}},"loc":{"start":{"line":140,"column":29},"end":{"line":140,"column":78}},"line":140}},"branchMap":{"0":{"loc":{"start":{"line":88,"column":13},"end":{"line":92,"column":13}},"type":"binary-expr","locations":[{"start":{"line":88,"column":13},"end":{"line":88,"column":31}},{"start":{"line":89,"column":14},"end":{"line":91,"column":21}}],"line":88}},"s":{"0":0,"1":0,"2":0,"3":0,"4":0,"5":0,"6":0,"7":0,"8":0,"9":0,"10":0,"11":0,"12":0,"13":0,"14":0,"15":0,"16":0},"f":{"0":0,"1":0,"2":0,"3":0,"4":0,"5":0,"6":0},"b":{"0":[0,0]}}
,"C:\\Users\\Eshan Kumar\\Desktop\\EcommerceApp\\EcommerceApp\\screens\\ProductDetailScreen.js": {"path":"C:\\Users\\Eshan Kumar\\Desktop\\EcommerceApp\\EcommerceApp\\screens\\ProductDetailScreen.js","statementMap":{"0":{"start":{"line":13,"column":28},"end":{"line":55,"column":1}},"1":{"start":{"line":14,"column":22},"end":{"line":14,"column":34}},"2":{"start":{"line":15,"column":34},"end":{"line":15,"column":45}},"3":{"start":{"line":16,"column":24},"end":{"line":16,"column":33}},"4":{"start":{"line":18,"column":22},"end":{"line":18,"column":59}},"5":{"start":{"line":18,"column":28},"end":{"line":18,"column":59}},"6":{"start":{"line":18,"column":50},"end":{"line":18,"column":58}},"7":{"start":{"line":19,"column":22},"end":{"line":19,"column":76}},"8":{"start":{"line":19,"column":28},"end":{"line":19,"column":76}},"9":{"start":{"line":19,"column":51},"end":{"line":19,"column":74}},"10":{"start":{"line":21,"column":26},"end":{"line":28,"column":3}},"11":{"start":{"line":22,"column":4},"end":{"line":22,"column":33}},"12":{"start":{"line":23,"column":4},"end":{"line":27,"column":6}},"13":{"start":{"line":30,"column":2},"end":{"line":54,"column":4}},"14":{"start":{"line":59,"column":20},"end":{"line":59,"column":50}},"15":{"start":{"line":61,"column":15},"end":{"line":117,"column":2}},"16":{"start":{"line":121,"column":0},"end":{"line":125,"column":7}}},"fnMap":{"0":{"name":"(anonymous_0)","decl":{"start":{"line":13,"column":28},"end":{"line":13,"column":29}},"loc":{"start":{"line":13,"column":55},"end":{"line":55,"column":1}},"line":13},"1":{"name":"(anonymous_1)","decl":{"start":{"line":18,"column":22},"end":{"line":18,"column":23}},"loc":{"start":{"line":18,"column":28},"end":{"line":18,"column":59}},"line":18},"2":{"name":"(anonymous_2)","decl":{"start":{"line":18,"column":40},"end":{"line":18,"column":41}},"loc":{"start":{"line":18,"column":50},"end":{"line":18,"column":58}},"line":18},"3":{"name":"(anonymous_3)","decl":{"start":{"line":19,"column":22},"end":{"line":19,"column":23}},"loc":{"start":{"line":19,"column":28},"end":{"line":19,"column":76}},"line":19},"4":{"name":"(anonymous_4)","decl":{"start":{"line":19,"column":40},"end":{"line":19,"column":41}},"loc":{"start":{"line":19,"column":51},"end":{"line":19,"column":74}},"line":19},"5":{"name":"(anonymous_5)","decl":{"start":{"line":21,"column":26},"end":{"line":21,"column":27}},"loc":{"start":{"line":21,"column":32},"end":{"line":28,"column":3}},"line":21}},"branchMap":{"0":{"loc":{"start":{"line":19,"column":51},"end":{"line":19,"column":74}},"type":"cond-expr","locations":[{"start":{"line":19,"column":62},"end":{"line":19,"column":70}},{"start":{"line":19,"column":73},"end":{"line":19,"column":74}}],"line":19}},"s":{"0":0,"1":0,"2":0,"3":0,"4":0,"5":0,"6":0,"7":0,"8":0,"9":0,"10":0,"11":0,"12":0,"13":0,"14":0,"15":0,"16":0},"f":{"0":0,"1":0,"2":0,"3":0,"4":0,"5":0},"b":{"0":[0,0]}}
,"C:\\Users\\Eshan Kumar\\Desktop\\EcommerceApp\\EcommerceApp\\utils\\cartUtils.js": {"path":"C:\\Users\\Eshan Kumar\\Desktop\\EcommerceApp\\EcommerceApp\\utils\\cartUtils.js","statementMap":{"0":{"start":{"line":2,"column":25},"end":{"line":15,"column":1}},"1":{"start":{"line":4,"column":16},"end":{"line":4,"column":62}},"2":{"start":{"line":4,"column":39},"end":{"line":4,"column":61}},"3":{"start":{"line":7,"column":2},"end":{"line":14,"column":3}},"4":{"start":{"line":8,"column":24},"end":{"line":8,"column":33}},"5":{"start":{"line":9,"column":4},"end":{"line":9,"column":37}},"6":{"start":{"line":10,"column":4},"end":{"line":10,"column":23}},"7":{"start":{"line":13,"column":4},"end":{"line":13,"column":50}},"8":{"start":{"line":18,"column":30},"end":{"line":21,"column":1}},"9":{"start":{"line":20,"column":2},"end":{"line":20,"column":52}},"10":{"start":{"line":20,"column":29},"end":{"line":20,"column":50}},"11":{"start":{"line":24,"column":30},"end":{"line":24,"column":79}},"12":{"start":{"line":24,"column":48},"end":{"line":24,"column":79}},"13":{"start":{"line":24,"column":67},"end":{"line":24,"column":78}}},"fnMap":{"0":{"name":"(anonymous_0)","decl":{"start":{"line":2,"column":25},"end":{"line":2,"column":26}},"loc":{"start":{"line":2,"column":44},"end":{"line":15,"column":1}},"line":2},"1":{"name":"(anonymous_1)","decl":{"start":{"line":4,"column":31},"end":{"line":4,"column":32}},"loc":{"start":{"line":4,"column":39},"end":{"line":4,"column":61}},"line":4},"2":{"name":"(anonymous_2)","decl":{"start":{"line":18,"column":30},"end":{"line":18,"column":31}},"loc":{"start":{"line":18,"column":51},"end":{"line":21,"column":1}},"line":18},"3":{"name":"(anonymous_3)","decl":{"start":{"line":20,"column":21},"end":{"line":20,"column":22}},"loc":{"start":{"line":20,"column":29},"end":{"line":20,"column":50}},"line":20},"4":{"name":"(anonymous_4)","decl":{"start":{"line":24,"column":30},"end":{"line":24,"column":31}},"loc":{"start":{"line":24,"column":48},"end":{"line":24,"column":79}},"line":24},"5":{"name":"(anonymous_5)","decl":{"start":{"line":24,"column":62},"end":{"line":24,"column":63}},"loc":{"start":{"line":24,"column":67},"end":{"line":24,"column":78}},"line":24}},"branchMap":{"0":{"loc":{"start":{"line":7,"column":2},"end":{"line":14,"column":3}},"type":"if","locations":[{"start":{"line":7,"column":2},"end":{"line":14,"column":3}},{"start":{"line":11,"column":9},"end":{"line":14,"column":3}}],"line":7}},"s":{"0":0,"1":0,"2":0,"3":0,"4":0,"5":0,"6":0,"7":0,"8":0,"9":0,"10":0,"11":0,"12":0,"13":0},"f":{"0":0,"1":0,"2":0,"3":0,"4":0,"5":0},"b":{"0":[0,0]}}
}
