TN:
SF:App.js
FN:20,HomeStackScreen
FN:38,CartStackScreen
FN:51,Account
FN:59,AccountStackScreen
FN:72,TabIcon
FN:87,TabNavigator
FN:102,(anonymous_6)
FN:111,(anonymous_7)
FN:124,(anonymous_8)
FN:133,(anonymous_9)
FNF:10
FNH:0
FNDA:0,HomeStackScreen
FNDA:0,CartStackScreen
FNDA:0,Account
FNDA:0,AccountStackScreen
FNDA:0,TabIcon
FNDA:0,TabNavigator
FNDA:0,(anonymous_6)
FNDA:0,(anonymous_7)
FNDA:0,(anonymous_8)
FNDA:0,(anonymous_9)
DA:14,0
DA:15,0
DA:16,0
DA:17,0
DA:21,0
DA:39,0
DA:52,0
DA:60,0
DA:73,0
DA:74,0
DA:88,0
DA:89,0
DA:91,0
DA:103,0
DA:112,0
DA:125,0
DA:133,0
DA:134,0
DA:145,0
LF:19
LH:0
BRDA:77,0,0,0
BRDA:77,0,1,0
BRF:2
BRH:0
end_of_record
TN:
SF:CartContext.js
FN:7,(anonymous_0)
FN:10,(anonymous_1)
FN:14,(anonymous_2)
FN:15,(anonymous_3)
FN:17,(anonymous_4)
FN:32,(anonymous_5)
FN:33,(anonymous_6)
FN:33,(anonymous_7)
FN:37,(anonymous_8)
FN:38,(anonymous_9)
FNF:10
FNH:0
FNDA:0,(anonymous_0)
FNDA:0,(anonymous_1)
FNDA:0,(anonymous_2)
FNDA:0,(anonymous_3)
FNDA:0,(anonymous_4)
FNDA:0,(anonymous_5)
FNDA:0,(anonymous_6)
FNDA:0,(anonymous_7)
FNDA:0,(anonymous_8)
FNDA:0,(anonymous_9)
DA:4,0
DA:7,0
DA:10,0
DA:11,0
DA:14,0
DA:15,0
DA:17,0
DA:19,0
DA:21,0
DA:22,0
DA:23,0
DA:26,0
DA:32,0
DA:33,0
DA:37,0
DA:38,0
DA:41,0
LF:17
LH:0
BRDA:19,0,0,0
BRDA:19,0,1,0
BRF:2
BRH:0
end_of_record
TN:
SF:index.js
FNF:0
FNH:0
DA:8,0
LF:1
LH:0
BRF:0
BRH:0
end_of_record
TN:
SF:jest.config.js
FNF:0
FNH:0
DA:10,0
LF:1
LH:0
BRF:0
BRH:0
end_of_record
TN:
SF:_tests_\testUtils.js
FN:8,renderWithProviders
FNF:1
FNH:0
FNDA:0,renderWithProviders
DA:9,0
LF:1
LH:0
BRF:0
BRH:0
end_of_record
TN:
SF:components\Category.jsx
FN:4,(anonymous_0)
FN:6,(anonymous_1)
FNF:2
FNH:0
FNDA:0,(anonymous_0)
FNDA:0,(anonymous_1)
DA:4,0
DA:5,0
DA:6,0
DA:24,0
LF:4
LH:0
BRDA:10,0,0,0
BRDA:10,0,1,0
BRF:2
BRH:0
end_of_record
TN:
SF:components\Header.jsx
FN:4,(anonymous_0)
FNF:1
FNH:0
FNDA:0,(anonymous_0)
DA:4,0
DA:5,0
DA:17,0
DA:49,0
LF:4
LH:0
BRF:0
BRH:0
end_of_record
TN:
SF:components\Product.jsx
FN:11,(anonymous_0)
FNF:1
FNH:0
FNDA:0,(anonymous_0)
DA:11,0
DA:12,0
DA:13,0
DA:15,0
DA:30,0
DA:58,0
LF:6
LH:0
BRF:0
BRH:0
end_of_record
TN:
SF:screens\CartScreen.js
FN:13,(anonymous_0)
FN:16,(anonymous_1)
FN:31,(anonymous_2)
FN:39,(anonymous_3)
FN:48,(anonymous_4)
FN:50,(anonymous_5)
FN:65,(anonymous_6)
FN:170,(anonymous_7)
FN:174,(anonymous_8)
FNF:9
FNH:0
FNDA:0,(anonymous_0)
FNDA:0,(anonymous_1)
FNDA:0,(anonymous_2)
FNDA:0,(anonymous_3)
FNDA:0,(anonymous_4)
FNDA:0,(anonymous_5)
FNDA:0,(anonymous_6)
FNDA:0,(anonymous_7)
FNDA:0,(anonymous_8)
DA:13,0
DA:14,0
DA:16,0
DA:17,0
DA:31,0
DA:39,0
DA:40,0
DA:48,0
DA:49,0
DA:52,0
DA:53,0
DA:58,0
DA:65,0
DA:82,0
DA:169,0
DA:171,0
DA:174,0
LF:17
LH:0
BRDA:70,0,0,0
BRDA:70,0,1,0
BRF:2
BRH:0
end_of_record
TN:
SF:screens\HomeScreen.js
FN:62,(anonymous_0)
FN:70,(anonymous_1)
FN:80,(anonymous_2)
FN:114,(anonymous_3)
FN:121,(anonymous_4)
FN:134,(anonymous_5)
FN:140,(anonymous_6)
FNF:7
FNH:0
FNDA:0,(anonymous_0)
FNDA:0,(anonymous_1)
FNDA:0,(anonymous_2)
FNDA:0,(anonymous_3)
FNDA:0,(anonymous_4)
FNDA:0,(anonymous_5)
FNDA:0,(anonymous_6)
DA:21,0
DA:23,0
DA:62,0
DA:63,0
DA:64,0
DA:65,0
DA:66,0
DA:67,0
DA:70,0
DA:71,0
DA:74,0
DA:80,0
DA:115,0
DA:121,0
DA:135,0
DA:140,0
DA:151,0
LF:17
LH:0
BRDA:88,0,0,0
BRDA:88,0,1,0
BRF:2
BRH:0
end_of_record
TN:
SF:screens\ProductDetailScreen.js
FN:13,(anonymous_0)
FN:18,(anonymous_1)
FN:18,(anonymous_2)
FN:19,(anonymous_3)
FN:19,(anonymous_4)
FN:21,(anonymous_5)
FNF:6
FNH:0
FNDA:0,(anonymous_0)
FNDA:0,(anonymous_1)
FNDA:0,(anonymous_2)
FNDA:0,(anonymous_3)
FNDA:0,(anonymous_4)
FNDA:0,(anonymous_5)
DA:13,0
DA:14,0
DA:15,0
DA:16,0
DA:18,0
DA:19,0
DA:21,0
DA:22,0
DA:23,0
DA:30,0
DA:59,0
DA:61,0
DA:121,0
LF:13
LH:0
BRDA:19,0,0,0
BRDA:19,0,1,0
BRF:2
BRH:0
end_of_record
TN:
SF:utils\cartUtils.js
FN:2,(anonymous_0)
FN:4,(anonymous_1)
FN:18,(anonymous_2)
FN:20,(anonymous_3)
FN:24,(anonymous_4)
FN:24,(anonymous_5)
FNF:6
FNH:0
FNDA:0,(anonymous_0)
FNDA:0,(anonymous_1)
FNDA:0,(anonymous_2)
FNDA:0,(anonymous_3)
FNDA:0,(anonymous_4)
FNDA:0,(anonymous_5)
DA:2,0
DA:4,0
DA:7,0
DA:8,0
DA:9,0
DA:10,0
DA:13,0
DA:18,0
DA:20,0
DA:24,0
LF:10
LH:0
BRDA:7,0,0,0
BRDA:7,0,1,0
BRF:2
BRH:0
end_of_record
